D:\8_Projects\PatternsTutorial\Debug\PatternsTutorial.exe
D:\8_Projects\PatternsTutorial\Debug\PatternsTutorial.pdb
D:\8_PROJECTS\PATTERNSTUTORIAL\PATTERNSTUTORIAL\DEBUG\ARRAYCHARACTERDECODERBUILDER.OBJ
D:\8_PROJECTS\PATTERNSTUTORIAL\PATTERNSTUTORIAL\DEBUG\ARRAYNUMBERDECODERBUILDER.OBJ
D:\8_PROJECTS\PATTERNSTUTORIAL\PATTERNSTUTORIAL\DEBUG\CADVANCEDPROTOTYPE.OBJ
D:\8_PROJECTS\PATTERNSTUTORIAL\PATTERNSTUTORIAL\DEBUG\CBASICFACTORY.OBJ
D:\8_PROJECTS\PATTERNSTUTORIAL\PATTERNSTUTORIAL\DEBUG\CBASICFACTORYEXTENDED.OBJ
D:\8_PROJECTS\PATTERNSTUTORIAL\PATTERNSTUTORIAL\DEBUG\CCIRCLE.OBJ
D:\8_PROJECTS\PATTERNSTUTORIAL\PATTERNSTUTORIAL\DEBUG\CFACTORYMAKER.OBJ
D:\8_PROJECTS\PATTERNSTUTORIAL\PATTERNSTUTORIAL\DEBUG\CHAINOFCOMMAND.OBJ
D:\8_PROJECTS\PATTERNSTUTORIAL\PATTERNSTUTORIAL\DEBUG\CHAINOFCOMMANDIMP1.OBJ
D:\8_PROJECTS\PATTERNSTUTORIAL\PATTERNSTUTORIAL\DEBUG\CHAINOFCOMMANDIMP2.OBJ
D:\8_PROJECTS\PATTERNSTUTORIAL\PATTERNSTUTORIAL\DEBUG\CHARACTERARRAYREADER.OBJ
D:\8_PROJECTS\PATTERNSTUTORIAL\PATTERNSTUTORIAL\DEBUG\CHEXAGON.OBJ
D:\8_Projects\PatternsTutorial\PatternsTutorial\Debug\cl.command.1.tlog
D:\8_Projects\PatternsTutorial\PatternsTutorial\Debug\CL.read.1.tlog
D:\8_Projects\PatternsTutorial\PatternsTutorial\Debug\CL.write.1.tlog
D:\8_PROJECTS\PATTERNSTUTORIAL\PATTERNSTUTORIAL\DEBUG\COBJECTPOOL.OBJ
D:\8_PROJECTS\PATTERNSTUTORIAL\PATTERNSTUTORIAL\DEBUG\COCTAGON.OBJ
D:\8_PROJECTS\PATTERNSTUTORIAL\PATTERNSTUTORIAL\DEBUG\CPROTOTYPE.OBJ
D:\8_PROJECTS\PATTERNSTUTORIAL\PATTERNSTUTORIAL\DEBUG\CSINGLETON.OBJ
D:\8_PROJECTS\PATTERNSTUTORIAL\PATTERNSTUTORIAL\DEBUG\CSQUARE.OBJ
D:\8_PROJECTS\PATTERNSTUTORIAL\PATTERNSTUTORIAL\DEBUG\CSTRING.OBJ
D:\8_Projects\PatternsTutorial\PatternsTutorial\Debug\link.4868.read.1.tlog
D:\8_Projects\PatternsTutorial\PatternsTutorial\Debug\link.4868.write.1.tlog
D:\8_Projects\PatternsTutorial\PatternsTutorial\Debug\link.command.1.tlog
D:\8_Projects\PatternsTutorial\PatternsTutorial\Debug\link.read.1.tlog
D:\8_Projects\PatternsTutorial\PatternsTutorial\Debug\link.write.1.tlog
D:\8_Projects\PatternsTutorial\PatternsTutorial\Debug\link-cvtres.read.1.tlog
D:\8_Projects\PatternsTutorial\PatternsTutorial\Debug\link-cvtres.write.1.tlog
D:\8_PROJECTS\PATTERNSTUTORIAL\PATTERNSTUTORIAL\DEBUG\MAIN.OBJ
D:\8_Projects\PatternsTutorial\PatternsTutorial\Debug\mt.command.1.tlog
D:\8_Projects\PatternsTutorial\PatternsTutorial\Debug\mt.read.1.tlog
D:\8_Projects\PatternsTutorial\PatternsTutorial\Debug\mt.write.1.tlog
D:\8_PROJECTS\PATTERNSTUTORIAL\PATTERNSTUTORIAL\DEBUG\PATTERNSTUTORIAL.EXE.EMBED.MANIFEST
D:\8_PROJECTS\PATTERNSTUTORIAL\PATTERNSTUTORIAL\DEBUG\PATTERNSTUTORIAL.EXE.EMBED.MANIFEST.RES
D:\8_Projects\PatternsTutorial\PatternsTutorial\Debug\PatternsTutorial.exe.intermediate.manifest
D:\8_Projects\PatternsTutorial\PatternsTutorial\Debug\PatternsTutorial.write.1.tlog
D:\8_Projects\PatternsTutorial\PatternsTutorial\Debug\PatternsTutorial_manifest.rc
D:\8_Projects\PatternsTutorial\PatternsTutorial\Debug\rc.command.1.tlog
D:\8_Projects\PatternsTutorial\PatternsTutorial\Debug\rc.read.1.tlog
D:\8_Projects\PatternsTutorial\PatternsTutorial\Debug\rc.write.1.tlog
D:\8_Projects\PatternsTutorial\PatternsTutorial\Debug\vc100.idb
D:\8_PROJECTS\PATTERNSTUTORIAL\PATTERNSTUTORIAL\DEBUG\VC100.PDB
