Build started 12/4/2014 12:11:29 AM.
     1>Project "D:\8_Projects\PatternsTutorial\PatternsTutorial\PatternsTutorial.vcxproj" on node 2 (build target(s)).
     1>InitializeBuildStatus:
         Creating "Debug\PatternsTutorial.unsuccessfulbuild" because "AlwaysCreate" was specified.
       ClCompile:
         C:\Program Files (x86)\Microsoft Visual Studio 10.0\VC\bin\CL.exe /c /Zi /nologo /W3 /WX- /Od /Oy- /D WIN32 /D _DEBUG /D _CONSOLE /D _UNICODE /D UNICODE /Gm /EHsc /RTC1 /MDd /GS /fp:precise /Zc:wchar_t /Zc:forScope /Fo"Debug\\" /Fd"Debug\vc100.pdb" /Gd /TP /analyze- /errorReport:prompt main.cpp
         main.cpp
     1>d:\8_projects\patternstutorial\patternstutorial\CFactoryMaker.h(20): warning C4091: 'static ' : ignored on left of 'CFactoryMaker' when no variable is declared
     1>d:\8_projects\patternstutorial\patternstutorial\IVisitor.h(8): warning C4091: 'extern ' : ignored on left of 'CBook' when no variable is declared
     1>d:\8_projects\patternstutorial\patternstutorial\IVisitor.h(9): warning C4091: 'extern ' : ignored on left of 'CPage' when no variable is declared
     1>d:\8_projects\patternstutorial\patternstutorial\IVisitor.h(10): warning C4091: 'extern ' : ignored on left of 'CParagraph' when no variable is declared
     1>main.cpp(329): warning C4482: nonstandard extension used: enum 'factoryType' used in qualified name
     1>main.cpp(330): warning C4482: nonstandard extension used: enum 'factoryType' used in qualified name
     1>d:\8_projects\patternstutorial\patternstutorial\cbinarytreeiterator.cpp(103): warning C4715: 'CBinaryTreeIterator<char>::GetCurrent' : not all control paths return a value
       ManifestResourceCompile:
         All outputs are up-to-date.
       Link:
         C:\Program Files (x86)\Microsoft Visual Studio 10.0\VC\bin\link.exe /ERRORREPORT:PROMPT /OUT:"D:\8_Projects\PatternsTutorial\Debug\PatternsTutorial.exe" /INCREMENTAL /NOLOGO kernel32.lib user32.lib gdi32.lib winspool.lib comdlg32.lib advapi32.lib shell32.lib ole32.lib oleaut32.lib uuid.lib odbc32.lib odbccp32.lib /MANIFEST /ManifestFile:"Debug\PatternsTutorial.exe.intermediate.manifest" /MANIFESTUAC:"level='asInvoker' uiAccess='false'" /DEBUG /PDB:"D:\8_Projects\PatternsTutorial\Debug\PatternsTutorial.pdb" /SUBSYSTEM:CONSOLE /TLBID:1 /DYNAMICBASE /NXCOMPAT /IMPLIB:"D:\8_Projects\PatternsTutorial\Debug\PatternsTutorial.lib" /MACHINE:X86 Debug\PatternsTutorial.exe.embed.manifest.res
         Debug\ArrayCharacterDecoderBuilder.obj
         Debug\ArrayNumberDecoderBuilder.obj
         Debug\BaseTemplate.obj
         Debug\CAddStrategy.obj
         Debug\CAdvancedPrototype.obj
         Debug\CAsciiAdapter.obj
         Debug\CAsciiNumber.obj
         Debug\CBasicFactory.obj
         Debug\CBasicFactoryExtended.obj
         Debug\CBinaryTree.obj
         Debug\CBinaryTreeIterator.obj
         Debug\CBlueShape.obj
         Debug\CBook.obj
         Debug\CCircle.obj
         Debug\CCircleMesh.obj
         Debug\CColorDecorator.obj
         Debug\CComposite.obj
         Debug\CConcreteCircleMeshFactory.obj
         Debug\CConcreteMeshFactory.obj
         Debug\CConcreteVisitor.obj
         Debug\CFactoryMaker.obj
         Debug\CFazzObserver.obj
         Debug\CFizzObserver.obj
         Debug\CGenericObserver.obj
         Debug\ChainOfCommand.obj
         Debug\ChainOfCommandImp1.obj
         Debug\ChainOfCommandImp2.obj
         Debug\CharacterArrayReader.obj
         Debug\CHexagon.obj
         Debug\CInvoker.obj
         Debug\CMediator.obj
         Debug\CMeshFactoryMaker.obj
         Debug\CMultiplyStrategy.obj
         Debug\CNullObjectShape.obj
         Debug\CObjectPool.obj
         Debug\CObservedComponent.obj
         Debug\COctagon.obj
         Debug\CPage.obj
         Debug\CParagraph.obj
         Debug\CPrototype.obj
         Debug\CReceiver.obj
         Debug\CRedShape.obj
         Debug\CReflectiveDecorator.obj
         Debug\CShapeCollection.obj
         Debug\CSingleton.obj
         Debug\CSquare.obj
         Debug\CStrategyContext.obj
         Debug\CString.obj
         Debug\CSubtractStrategy.obj
         Debug\CTutorialMeshFactory.obj
         Debug\HelpingFunctions.obj
         Debug\ICommand.obj
         Debug\CMesh.obj
         Debug\InterpreterBinary.obj
         Debug\InterpreterContext.obj
         Debug\InterpreterHex.obj
         Debug\IShapedColor.obj
         Debug\IShapeDecorator.obj
         Debug\main.obj
         Debug\TemplateImplementation.obj
       Manifest:
         C:\Program Files (x86)\Microsoft SDKs\Windows\v7.0A\bin\mt.exe /nologo /verbose /out:"Debug\PatternsTutorial.exe.embed.manifest" /manifest Debug\PatternsTutorial.exe.intermediate.manifest
         All outputs are up-to-date.
       LinkEmbedManifest:
         All outputs are up-to-date.
         PatternsTutorial.vcxproj -> D:\8_Projects\PatternsTutorial\Debug\PatternsTutorial.exe
       FinalizeBuildStatus:
         Deleting file "Debug\PatternsTutorial.unsuccessfulbuild".
         Touching "Debug\PatternsTutorial.lastbuildstate".
     1>Done Building Project "D:\8_Projects\PatternsTutorial\PatternsTutorial\PatternsTutorial.vcxproj" (build target(s)).

Build succeeded.

Time Elapsed 00:00:02.11
