Build started 11/29/2013 12:51:25 AM.
     1>Project "D:\8_Projects\PatternsTutorial\PatternsTutorial\PatternsTutorial.vcxproj" on node 2 (build target(s)).
     1>PrepareForBuild:
         Creating directory "D:\8_Projects\PatternsTutorial\Release\".
       InitializeBuildStatus:
         Creating "Release\PatternsTutorial.unsuccessfulbuild" because "AlwaysCreate" was specified.
       ClCompile:
         c:\Program Files (x86)\Microsoft Visual Studio 10.0\VC\bin\CL.exe /c /Zi /nologo /W3 /WX- /O2 /Oi /Oy- /GL /D WIN32 /D NDEBUG /D _CONSOLE /D _UNICODE /D UNICODE /Gm- /EHsc /MD /GS /Gy /fp:precise /Zc:wchar_t /Zc:forScope /Fo"Release\\" /Fd"Release\vc100.pdb" /Gd /TP /analyze- /errorReport:prompt ArrayCharacterDecoderBuilder.cpp ArrayNumberDecoderBuilder.cpp CAdvancedPrototype.cpp CBasicFactory.cpp CBasicFactoryExtended.cpp CCircle.cpp CFactoryMaker.cpp ChainOfCommand.cpp ChainOfCommandImp1.cpp ChainOfCommandImp2.cpp CharacterArrayReader.cpp CHexagon.cpp CObjectPool.cpp COctagon.cpp CPrototype.cpp CSingleton.cpp CSquare.cpp CString.cpp main.cpp
         ArrayCharacterDecoderBuilder.cpp
         ArrayNumberDecoderBuilder.cpp
         CAdvancedPrototype.cpp
         CBasicFactory.cpp
         CBasicFactoryExtended.cpp
     1>CBasicFactoryExtended.cpp(28): warning C4554: '&' : check operator precedence for possible error; use parentheses to clarify precedence
         CCircle.cpp
         CFactoryMaker.cpp
     1>d:\8_projects\patternstutorial\patternstutorial\CFactoryMaker.h(20): warning C4091: 'static ' : ignored on left of 'CFactoryMaker' when no variable is declared
         ChainOfCommand.cpp
         ChainOfCommandImp1.cpp
         ChainOfCommandImp2.cpp
         CharacterArrayReader.cpp
         CHexagon.cpp
         CObjectPool.cpp
         COctagon.cpp
         CPrototype.cpp
         CSingleton.cpp
         CSquare.cpp
         CString.cpp
         main.cpp
     1>d:\8_projects\patternstutorial\patternstutorial\CFactoryMaker.h(20): warning C4091: 'static ' : ignored on left of 'CFactoryMaker' when no variable is declared
       Link:
         c:\Program Files (x86)\Microsoft Visual Studio 10.0\VC\bin\link.exe /ERRORREPORT:PROMPT /OUT:"D:\8_Projects\PatternsTutorial\Release\PatternsTutorial.exe" /INCREMENTAL:NO /NOLOGO kernel32.lib user32.lib gdi32.lib winspool.lib comdlg32.lib advapi32.lib shell32.lib ole32.lib oleaut32.lib uuid.lib odbc32.lib odbccp32.lib /MANIFEST /ManifestFile:"Release\PatternsTutorial.exe.intermediate.manifest" /MANIFESTUAC:"level='asInvoker' uiAccess='false'" /DEBUG /PDB:"D:\8_Projects\PatternsTutorial\Release\PatternsTutorial.pdb" /SUBSYSTEM:CONSOLE /OPT:REF /OPT:ICF /LTCG /TLBID:1 /DYNAMICBASE /NXCOMPAT /IMPLIB:"D:\8_Projects\PatternsTutorial\Release\PatternsTutorial.lib" /MACHINE:X86 Release\ArrayCharacterDecoderBuilder.obj
         Release\ArrayNumberDecoderBuilder.obj
         Release\CAdvancedPrototype.obj
         Release\CBasicFactory.obj
         Release\CBasicFactoryExtended.obj
         Release\CCircle.obj
         Release\CFactoryMaker.obj
         Release\ChainOfCommand.obj
         Release\ChainOfCommandImp1.obj
         Release\ChainOfCommandImp2.obj
         Release\CharacterArrayReader.obj
         Release\CHexagon.obj
         Release\CObjectPool.obj
         Release\COctagon.obj
         Release\CPrototype.obj
         Release\CSingleton.obj
         Release\CSquare.obj
         Release\CString.obj
         Release\main.obj
         Generating code
         Finished generating code
         PatternsTutorial.vcxproj -> D:\8_Projects\PatternsTutorial\Release\PatternsTutorial.exe
       Manifest:
         C:\Program Files (x86)\Microsoft SDKs\Windows\v7.0A\bin\mt.exe /nologo /verbose /outputresource:"D:\8_Projects\PatternsTutorial\Release\PatternsTutorial.exe;#1" /manifest Release\PatternsTutorial.exe.intermediate.manifest
       FinalizeBuildStatus:
         Deleting file "Release\PatternsTutorial.unsuccessfulbuild".
         Touching "Release\PatternsTutorial.lastbuildstate".
     1>Done Building Project "D:\8_Projects\PatternsTutorial\PatternsTutorial\PatternsTutorial.vcxproj" (build target(s)).

Build succeeded.

Time Elapsed 00:00:03.60
